<component name="libraryTable">
  <library name="junit-jupiter-api-5.10.0">
    <CLASSES>
      <root url="jar://$USER_HOME$/Desktop/Junit/junit-jupiter-api-5.10.0.jar!/" />
      <root url="jar://$USER_HOME$/Desktop/Junit/junit-platform-commons-1.10.0.jar!/" />
      <root url="jar://$USER_HOME$/Desktop/Junit/junit-jupiter-engine-5.10.0.jar!/" />
      <root url="jar://$USER_HOME$/Desktop/Junit/junit-platform-engine-1.10.0.jar!/" />
    </CLASSES>
    <JAVADOC />
    <SOURCES />
  </library>
</component>